2024-11-11 23:36:01,213 - INFO - Generating random unitaries, step 1 of 17...
2024-11-11 23:36:01,234 - INFO - Generating random unitaries, step 2 of 17...
2024-11-11 23:36:01,234 - INFO - Generating random unitaries, step 3 of 17...
2024-11-11 23:36:01,235 - INFO - Generating random unitaries, step 4 of 17...
2024-11-11 23:36:01,235 - INFO - Generating random unitaries, step 5 of 17...
2024-11-11 23:36:01,235 - INFO - Generating random unitaries, step 6 of 17...
2024-11-11 23:36:01,235 - INFO - Generating random unitaries, step 7 of 17...
2024-11-11 23:36:01,236 - INFO - Generating random unitaries, step 8 of 17...
2024-11-11 23:36:01,236 - INFO - Generating random unitaries, step 9 of 17...
2024-11-11 23:36:01,236 - INFO - Generating random unitaries, step 10 of 17...
2024-11-11 23:36:01,236 - INFO - Generating random unitaries, step 11 of 17...
2024-11-11 23:36:01,237 - INFO - Generating random unitaries, step 12 of 17...
2024-11-11 23:36:01,237 - INFO - Generating random unitaries, step 13 of 17...
2024-11-11 23:36:01,237 - INFO - Generating random unitaries, step 14 of 17...
2024-11-11 23:36:01,237 - INFO - Generating random unitaries, step 15 of 17...
2024-11-11 23:36:01,238 - INFO - Generating random unitaries, step 16 of 17...
2024-11-11 23:36:01,238 - INFO - Generating random unitaries, step 17 of 17...
2024-11-11 23:36:03,318 - INFO - Minimizing entropy of channels separately...
2024-11-11 23:36:03,318 - INFO - Minimization of single channel, iteration 1 of 100
2024-11-11 23:36:06,244 - INFO - Minimization of single channel, iteration 2 of 100
2024-11-11 23:36:09,830 - INFO - Minimization of single channel, iteration 3 of 100
2024-11-11 23:36:12,962 - INFO - Minimization of single channel, iteration 4 of 100
2024-11-11 23:36:28,861 - INFO - Minimization of single channel, iteration 5 of 100
2024-11-11 23:36:30,796 - INFO - Minimization of single channel, iteration 6 of 100
2024-11-11 23:36:34,038 - INFO - Minimization of single channel, iteration 7 of 100
2024-11-11 23:36:38,292 - INFO - Minimization of single channel, iteration 8 of 100
2024-11-11 23:36:43,553 - INFO - Minimization of single channel, iteration 9 of 100
2024-11-11 23:36:45,541 - INFO - Minimization of single channel, iteration 10 of 100
2024-11-11 23:36:50,190 - INFO - Minimization of single channel, iteration 11 of 100
2024-11-11 23:36:52,181 - INFO - Minimization of single channel, iteration 12 of 100
2024-11-11 23:36:54,969 - INFO - Minimization of single channel, iteration 13 of 100
2024-11-11 23:36:58,205 - INFO - Minimization of single channel, iteration 14 of 100
2024-11-11 23:36:59,833 - INFO - Minimization of single channel, iteration 15 of 100
2024-11-11 23:37:03,284 - INFO - Minimization of single channel, iteration 16 of 100
2024-11-11 23:37:06,946 - INFO - Minimization of single channel, iteration 17 of 100
2024-11-11 23:37:08,045 - INFO - Minimization of single channel, iteration 18 of 100
2024-11-11 23:37:14,023 - INFO - Generating random unitaries, step 1 of 17...
2024-11-11 23:37:14,034 - INFO - Generating random unitaries, step 2 of 17...
2024-11-11 23:37:14,034 - INFO - Generating random unitaries, step 3 of 17...
2024-11-11 23:37:14,035 - INFO - Generating random unitaries, step 4 of 17...
2024-11-11 23:37:14,035 - INFO - Generating random unitaries, step 5 of 17...
2024-11-11 23:37:14,035 - INFO - Generating random unitaries, step 6 of 17...
2024-11-11 23:37:14,035 - INFO - Generating random unitaries, step 7 of 17...
2024-11-11 23:37:14,036 - INFO - Generating random unitaries, step 8 of 17...
2024-11-11 23:37:14,036 - INFO - Generating random unitaries, step 9 of 17...
2024-11-11 23:37:14,036 - INFO - Generating random unitaries, step 10 of 17...
2024-11-11 23:37:14,036 - INFO - Generating random unitaries, step 11 of 17...
2024-11-11 23:37:14,037 - INFO - Generating random unitaries, step 12 of 17...
2024-11-11 23:37:14,037 - INFO - Generating random unitaries, step 13 of 17...
2024-11-11 23:37:14,037 - INFO - Generating random unitaries, step 14 of 17...
2024-11-11 23:37:14,037 - INFO - Generating random unitaries, step 15 of 17...
2024-11-11 23:37:14,037 - INFO - Generating random unitaries, step 16 of 17...
2024-11-11 23:37:14,038 - INFO - Generating random unitaries, step 17 of 17...
2024-11-11 23:37:15,973 - INFO - Minimizing entropy of channels separately...
2024-11-11 23:37:15,973 - INFO - Minimization of single channel, iteration 1 of 100
2024-11-11 23:37:17,836 - INFO - Minimization of single channel, iteration 2 of 100
2024-11-11 23:37:19,987 - INFO - Minimization of single channel, iteration 3 of 100
2024-11-11 23:37:22,530 - INFO - Minimization of single channel, iteration 4 of 100
2024-11-11 23:37:25,537 - INFO - Minimization of single channel, iteration 5 of 100
2024-11-11 23:37:27,810 - INFO - Minimization of single channel, iteration 6 of 100
2024-11-11 23:37:29,278 - INFO - Minimization of single channel, iteration 7 of 100
2024-11-11 23:37:30,274 - INFO - Minimization of single channel, iteration 8 of 100
2024-11-11 23:37:34,369 - INFO - Minimization of single channel, iteration 9 of 100
2024-11-11 23:37:39,441 - INFO - Minimization of single channel, iteration 10 of 100
2024-11-11 23:37:41,782 - INFO - Minimization of single channel, iteration 11 of 100
2024-11-11 23:37:44,399 - INFO - Minimization of single channel, iteration 12 of 100
2024-11-11 23:37:46,402 - INFO - Minimization of single channel, iteration 13 of 100
2024-11-11 23:37:48,433 - INFO - Minimization of single channel, iteration 14 of 100
2024-11-11 23:37:50,197 - INFO - Minimization of single channel, iteration 15 of 100
2024-11-11 23:37:52,496 - INFO - Minimization of single channel, iteration 16 of 100
2024-11-11 23:37:55,054 - INFO - Minimization of single channel, iteration 17 of 100
2024-11-11 23:37:56,698 - INFO - Minimization of single channel, iteration 18 of 100
2024-11-11 23:38:00,071 - INFO - Minimization of single channel, iteration 19 of 100
2024-11-11 23:38:01,621 - INFO - Minimization of single channel, iteration 20 of 100
2024-11-11 23:38:02,979 - INFO - Minimization of single channel, iteration 21 of 100
2024-11-11 23:38:06,932 - INFO - Minimization of single channel, iteration 22 of 100
2024-11-11 23:38:10,110 - INFO - Minimization of single channel, iteration 23 of 100
2024-11-11 23:38:20,917 - INFO - Minimization of single channel, iteration 24 of 100
2024-11-11 23:38:22,524 - INFO - Minimization of single channel, iteration 25 of 100
2024-11-11 23:38:24,459 - INFO - Minimization of single channel, iteration 26 of 100
2024-11-11 23:38:29,710 - INFO - Minimization of single channel, iteration 27 of 100
2024-11-11 23:38:30,812 - INFO - Minimization of single channel, iteration 28 of 100
2024-11-11 23:38:32,916 - INFO - Minimization of single channel, iteration 29 of 100
2024-11-11 23:38:34,473 - INFO - Minimization of single channel, iteration 30 of 100
2024-11-11 23:38:36,727 - INFO - Minimization of single channel, iteration 31 of 100
2024-11-11 23:38:40,643 - INFO - Minimization of single channel, iteration 32 of 100
2024-11-11 23:38:44,534 - INFO - Minimization of single channel, iteration 33 of 100
2024-11-11 23:38:48,694 - INFO - Minimization of single channel, iteration 34 of 100
2024-11-11 23:39:33,723 - INFO - Generating random unitaries, step 1 of 17...
2024-11-11 23:39:33,736 - INFO - Generating random unitaries, step 2 of 17...
2024-11-11 23:39:33,736 - INFO - Generating random unitaries, step 3 of 17...
2024-11-11 23:39:33,736 - INFO - Generating random unitaries, step 4 of 17...
2024-11-11 23:39:33,736 - INFO - Generating random unitaries, step 5 of 17...
2024-11-11 23:39:33,737 - INFO - Generating random unitaries, step 6 of 17...
2024-11-11 23:39:33,737 - INFO - Generating random unitaries, step 7 of 17...
2024-11-11 23:39:33,737 - INFO - Generating random unitaries, step 8 of 17...
2024-11-11 23:39:33,737 - INFO - Generating random unitaries, step 9 of 17...
2024-11-11 23:39:33,738 - INFO - Generating random unitaries, step 10 of 17...
2024-11-11 23:39:33,738 - INFO - Generating random unitaries, step 11 of 17...
2024-11-11 23:39:33,738 - INFO - Generating random unitaries, step 12 of 17...
2024-11-11 23:39:33,738 - INFO - Generating random unitaries, step 13 of 17...
2024-11-11 23:39:33,739 - INFO - Generating random unitaries, step 14 of 17...
2024-11-11 23:39:33,739 - INFO - Generating random unitaries, step 15 of 17...
2024-11-11 23:39:33,739 - INFO - Generating random unitaries, step 16 of 17...
2024-11-11 23:39:33,739 - INFO - Generating random unitaries, step 17 of 17...
2024-11-11 23:39:34,464 - INFO - Minimizing entropy of channels separately...
2024-11-11 23:39:34,464 - INFO - Minimization of single channel, iteration 1 of 100
2024-11-11 23:39:37,438 - INFO - Minimization of single channel, iteration 2 of 100
2024-11-11 23:39:41,044 - INFO - Minimization of single channel, iteration 3 of 100
2024-11-11 23:39:42,785 - INFO - Minimization of single channel, iteration 4 of 100
2024-11-11 23:39:48,266 - INFO - Minimization of single channel, iteration 5 of 100
2024-11-11 23:39:50,695 - INFO - Minimization of single channel, iteration 6 of 100
2024-11-11 23:39:52,328 - INFO - Minimization of single channel, iteration 7 of 100
2024-11-11 23:39:53,964 - INFO - Minimization of single channel, iteration 8 of 100
2024-11-11 23:39:55,551 - INFO - Minimization of single channel, iteration 9 of 100
2024-11-11 23:40:00,401 - INFO - Minimization of single channel, iteration 10 of 100
2024-11-11 23:40:02,990 - INFO - Minimization of single channel, iteration 11 of 100
2024-11-11 23:40:06,219 - INFO - Minimization of single channel, iteration 12 of 100
2024-11-11 23:40:11,122 - INFO - Minimization of single channel, iteration 13 of 100
2024-11-11 23:40:15,256 - INFO - Minimization of single channel, iteration 14 of 100
2024-11-11 23:40:20,320 - INFO - Generating random unitaries, step 1 of 17...
2024-11-11 23:40:20,380 - INFO - Generating random unitaries, step 2 of 17...
2024-11-11 23:40:20,380 - INFO - Generating random unitaries, step 3 of 17...
2024-11-11 23:40:20,381 - INFO - Generating random unitaries, step 4 of 17...
2024-11-11 23:40:20,381 - INFO - Generating random unitaries, step 5 of 17...
2024-11-11 23:40:20,381 - INFO - Generating random unitaries, step 6 of 17...
2024-11-11 23:40:20,382 - INFO - Generating random unitaries, step 7 of 17...
2024-11-11 23:40:20,382 - INFO - Generating random unitaries, step 8 of 17...
2024-11-11 23:40:20,382 - INFO - Generating random unitaries, step 9 of 17...
2024-11-11 23:40:20,382 - INFO - Generating random unitaries, step 10 of 17...
2024-11-11 23:40:20,383 - INFO - Generating random unitaries, step 11 of 17...
2024-11-11 23:40:20,383 - INFO - Generating random unitaries, step 12 of 17...
2024-11-11 23:40:20,383 - INFO - Generating random unitaries, step 13 of 17...
2024-11-11 23:40:20,383 - INFO - Generating random unitaries, step 14 of 17...
2024-11-11 23:40:20,384 - INFO - Generating random unitaries, step 15 of 17...
2024-11-11 23:40:20,384 - INFO - Generating random unitaries, step 16 of 17...
2024-11-11 23:40:20,384 - INFO - Generating random unitaries, step 17 of 17...
2024-11-11 23:40:22,583 - INFO - Minimizing entropy of channels separately...
2024-11-11 23:40:22,583 - INFO - Minimization of single channel, iteration 1 of 100
2024-11-11 23:40:33,104 - INFO - Minimization of single channel, iteration 2 of 100
2024-11-11 23:40:36,522 - INFO - Minimization of single channel, iteration 3 of 100
2024-11-11 23:40:39,155 - INFO - Minimization of single channel, iteration 4 of 100
2024-11-11 23:40:49,272 - INFO - Minimization of single channel, iteration 5 of 100
2024-11-11 23:40:58,751 - INFO - Minimization of single channel, iteration 6 of 100
2024-11-11 23:41:00,963 - INFO - Minimization of single channel, iteration 7 of 100
2024-11-11 23:41:13,582 - INFO - Minimization of single channel, iteration 8 of 100
2024-11-11 23:41:20,912 - INFO - Minimization of single channel, iteration 9 of 100
2024-11-11 23:41:25,701 - INFO - Minimization of single channel, iteration 10 of 100
2024-11-11 23:41:40,889 - INFO - Minimization of single channel, iteration 11 of 100
2024-11-11 23:41:48,661 - INFO - Minimization of single channel, iteration 12 of 100
2024-11-11 23:42:03,973 - INFO - Minimization of single channel, iteration 13 of 100
2024-11-11 23:42:07,164 - INFO - Minimization of single channel, iteration 14 of 100
2024-11-11 23:42:14,280 - INFO - Minimization of single channel, iteration 15 of 100
2024-11-11 23:42:21,438 - INFO - Minimization of single channel, iteration 16 of 100
2024-11-11 23:42:28,336 - INFO - Minimization of single channel, iteration 17 of 100
2024-11-11 23:42:37,353 - INFO - Minimization of single channel, iteration 18 of 100
2024-11-11 23:42:42,224 - INFO - Minimization of single channel, iteration 19 of 100
2024-11-11 23:42:45,785 - INFO - Minimization of single channel, iteration 20 of 100
2024-11-11 23:42:48,768 - INFO - Minimization of single channel, iteration 21 of 100
2024-11-11 23:42:53,885 - INFO - Minimization of single channel, iteration 22 of 100
2024-11-11 23:42:57,950 - INFO - Minimization of single channel, iteration 23 of 100
2024-11-11 23:43:02,861 - INFO - Minimization of single channel, iteration 24 of 100
2024-11-11 23:43:19,981 - INFO - Generating random unitaries, step 1 of 17...
2024-11-11 23:43:20,004 - INFO - Generating random unitaries, step 2 of 17...
2024-11-11 23:43:20,004 - INFO - Generating random unitaries, step 3 of 17...
2024-11-11 23:43:20,004 - INFO - Generating random unitaries, step 4 of 17...
2024-11-11 23:43:20,005 - INFO - Generating random unitaries, step 5 of 17...
2024-11-11 23:43:20,005 - INFO - Generating random unitaries, step 6 of 17...
2024-11-11 23:43:20,005 - INFO - Generating random unitaries, step 7 of 17...
2024-11-11 23:43:20,005 - INFO - Generating random unitaries, step 8 of 17...
2024-11-11 23:43:20,006 - INFO - Generating random unitaries, step 9 of 17...
2024-11-11 23:43:20,006 - INFO - Generating random unitaries, step 10 of 17...
2024-11-11 23:43:20,006 - INFO - Generating random unitaries, step 11 of 17...
2024-11-11 23:43:20,006 - INFO - Generating random unitaries, step 12 of 17...
2024-11-11 23:43:20,007 - INFO - Generating random unitaries, step 13 of 17...
2024-11-11 23:43:20,007 - INFO - Generating random unitaries, step 14 of 17...
2024-11-11 23:43:20,007 - INFO - Generating random unitaries, step 15 of 17...
2024-11-11 23:43:20,007 - INFO - Generating random unitaries, step 16 of 17...
2024-11-11 23:43:20,008 - INFO - Generating random unitaries, step 17 of 17...
2024-11-11 23:43:22,457 - INFO - Minimizing entropy of channels separately...
2024-11-11 23:43:22,457 - INFO - Minimization of single channel, iteration 1 of 100
2024-11-11 23:43:28,366 - INFO - Minimization of single channel, iteration 2 of 100
2024-11-11 23:43:31,667 - INFO - Minimization of single channel, iteration 3 of 100
2024-11-11 23:43:43,792 - INFO - Minimization of single channel, iteration 4 of 100
2024-11-11 23:43:48,125 - INFO - Minimization of single channel, iteration 5 of 100
2024-11-11 23:43:52,397 - INFO - Minimization of single channel, iteration 6 of 100
2024-11-11 23:44:27,680 - INFO - Minimization of single channel, iteration 7 of 100
2024-11-11 23:44:39,735 - INFO - Minimization of single channel, iteration 8 of 100
2024-11-11 23:44:45,086 - INFO - Minimization of single channel, iteration 9 of 100
2024-11-11 23:44:48,867 - INFO - Minimization of single channel, iteration 10 of 100
2024-11-11 23:44:55,940 - INFO - Now running the combined channel...
2024-11-12 07:37:51,205 - INFO - Generating random unitaries, step 1 of 17...
2024-11-12 07:38:25,341 - INFO - Generating random unitaries, step 1 of 17...
2024-11-12 07:38:25,422 - INFO - Generating random unitaries, step 2 of 17...
2024-11-12 07:38:25,423 - INFO - Generating random unitaries, step 3 of 17...
2024-11-12 07:38:25,425 - INFO - Generating random unitaries, step 4 of 17...
2024-11-12 07:38:25,426 - INFO - Generating random unitaries, step 5 of 17...
2024-11-12 07:38:25,427 - INFO - Generating random unitaries, step 6 of 17...
2024-11-12 07:38:25,428 - INFO - Generating random unitaries, step 7 of 17...
2024-11-12 07:38:25,429 - INFO - Generating random unitaries, step 8 of 17...
2024-11-12 07:38:25,430 - INFO - Generating random unitaries, step 9 of 17...
2024-11-12 07:38:25,431 - INFO - Generating random unitaries, step 10 of 17...
2024-11-12 07:38:25,432 - INFO - Generating random unitaries, step 11 of 17...
2024-11-12 07:38:25,433 - INFO - Generating random unitaries, step 12 of 17...
2024-11-12 07:38:25,434 - INFO - Generating random unitaries, step 13 of 17...
2024-11-12 07:38:25,435 - INFO - Generating random unitaries, step 14 of 17...
2024-11-12 07:38:25,437 - INFO - Generating random unitaries, step 15 of 17...
2024-11-12 07:38:25,438 - INFO - Generating random unitaries, step 16 of 17...
2024-11-12 07:38:25,439 - INFO - Generating random unitaries, step 17 of 17...
2024-11-12 07:38:26,692 - INFO - Minimizing entropy of channels separately...
2024-11-12 07:38:26,692 - INFO - Minimization of single channel, iteration 1 of 100
2024-11-12 07:41:12,863 - INFO - Generating random unitaries, step 1 of 17...
2024-11-12 07:41:12,935 - INFO - Generating random unitaries, step 2 of 17...
2024-11-12 07:41:12,937 - INFO - Generating random unitaries, step 3 of 17...
2024-11-12 07:41:12,938 - INFO - Generating random unitaries, step 4 of 17...
2024-11-12 07:41:12,939 - INFO - Generating random unitaries, step 5 of 17...
2024-11-12 07:41:12,940 - INFO - Generating random unitaries, step 6 of 17...
2024-11-12 07:41:12,941 - INFO - Generating random unitaries, step 7 of 17...
2024-11-12 07:41:12,943 - INFO - Generating random unitaries, step 8 of 17...
2024-11-12 07:41:12,944 - INFO - Generating random unitaries, step 9 of 17...
2024-11-12 07:41:12,945 - INFO - Generating random unitaries, step 10 of 17...
2024-11-12 07:41:12,946 - INFO - Generating random unitaries, step 11 of 17...
2024-11-12 07:41:12,947 - INFO - Generating random unitaries, step 12 of 17...
2024-11-12 07:41:12,948 - INFO - Generating random unitaries, step 13 of 17...
2024-11-12 07:41:12,949 - INFO - Generating random unitaries, step 14 of 17...
2024-11-12 07:41:12,951 - INFO - Generating random unitaries, step 15 of 17...
2024-11-12 07:41:12,952 - INFO - Generating random unitaries, step 16 of 17...
2024-11-12 07:41:12,953 - INFO - Generating random unitaries, step 17 of 17...
2024-11-12 07:41:13,907 - INFO - Minimizing entropy of channels separately...
2024-11-12 07:41:13,907 - INFO - Minimization of single channel, iteration 1 of 100
2024-11-12 07:43:07,446 - INFO - Generating random unitaries, step 1 of 17...
2024-11-12 07:43:07,514 - INFO - Generating random unitaries, step 2 of 17...
2024-11-12 07:43:07,515 - INFO - Generating random unitaries, step 3 of 17...
2024-11-12 07:43:07,516 - INFO - Generating random unitaries, step 4 of 17...
2024-11-12 07:43:07,517 - INFO - Generating random unitaries, step 5 of 17...
2024-11-12 07:43:07,519 - INFO - Generating random unitaries, step 6 of 17...
2024-11-12 07:43:07,520 - INFO - Generating random unitaries, step 7 of 17...
2024-11-12 07:43:07,521 - INFO - Generating random unitaries, step 8 of 17...
2024-11-12 07:43:07,523 - INFO - Generating random unitaries, step 9 of 17...
2024-11-12 07:43:07,525 - INFO - Generating random unitaries, step 10 of 17...
2024-11-12 07:43:07,526 - INFO - Generating random unitaries, step 11 of 17...
2024-11-12 07:43:07,528 - INFO - Generating random unitaries, step 12 of 17...
2024-11-12 07:43:07,529 - INFO - Generating random unitaries, step 13 of 17...
2024-11-12 07:43:07,530 - INFO - Generating random unitaries, step 14 of 17...
2024-11-12 07:43:07,531 - INFO - Generating random unitaries, step 15 of 17...
2024-11-12 07:43:07,532 - INFO - Generating random unitaries, step 16 of 17...
2024-11-12 07:43:07,533 - INFO - Generating random unitaries, step 17 of 17...
2024-11-12 07:43:09,031 - INFO - Minimizing entropy of channels separately...
2024-11-12 07:43:09,031 - INFO - Minimization of single channel, iteration 1 of 100
2024-11-12 07:44:30,300 - INFO - Generating random unitaries, step 1 of 17...
2024-11-12 07:44:30,367 - INFO - Generating random unitaries, step 2 of 17...
2024-11-12 07:44:30,368 - INFO - Generating random unitaries, step 3 of 17...
2024-11-12 07:44:30,369 - INFO - Generating random unitaries, step 4 of 17...
2024-11-12 07:44:30,370 - INFO - Generating random unitaries, step 5 of 17...
2024-11-12 07:44:30,371 - INFO - Generating random unitaries, step 6 of 17...
2024-11-12 07:44:30,373 - INFO - Generating random unitaries, step 7 of 17...
2024-11-12 07:44:30,374 - INFO - Generating random unitaries, step 8 of 17...
2024-11-12 07:44:30,375 - INFO - Generating random unitaries, step 9 of 17...
2024-11-12 07:44:30,376 - INFO - Generating random unitaries, step 10 of 17...
2024-11-12 07:44:30,377 - INFO - Generating random unitaries, step 11 of 17...
2024-11-12 07:44:30,378 - INFO - Generating random unitaries, step 12 of 17...
2024-11-12 07:44:30,379 - INFO - Generating random unitaries, step 13 of 17...
2024-11-12 07:44:30,380 - INFO - Generating random unitaries, step 14 of 17...
2024-11-12 07:44:30,381 - INFO - Generating random unitaries, step 15 of 17...
2024-11-12 07:44:30,382 - INFO - Generating random unitaries, step 16 of 17...
2024-11-12 07:44:30,383 - INFO - Generating random unitaries, step 17 of 17...
2024-11-12 07:44:32,350 - INFO - Minimizing entropy of channels separately...
2024-11-12 07:44:32,350 - INFO - Minimization of single channel, iteration 1 of 100
2024-11-12 07:44:48,255 - INFO - Generating random unitaries, step 1 of 17...
2024-11-12 07:44:48,325 - INFO - Generating random unitaries, step 2 of 17...
2024-11-12 07:44:48,326 - INFO - Generating random unitaries, step 3 of 17...
2024-11-12 07:44:48,327 - INFO - Generating random unitaries, step 4 of 17...
2024-11-12 07:44:48,329 - INFO - Generating random unitaries, step 5 of 17...
2024-11-12 07:44:48,330 - INFO - Generating random unitaries, step 6 of 17...
2024-11-12 07:44:48,331 - INFO - Generating random unitaries, step 7 of 17...
2024-11-12 07:44:48,332 - INFO - Generating random unitaries, step 8 of 17...
2024-11-12 07:44:48,333 - INFO - Generating random unitaries, step 9 of 17...
2024-11-12 07:44:48,334 - INFO - Generating random unitaries, step 10 of 17...
2024-11-12 07:44:48,335 - INFO - Generating random unitaries, step 11 of 17...
2024-11-12 07:44:48,337 - INFO - Generating random unitaries, step 12 of 17...
2024-11-12 07:44:48,338 - INFO - Generating random unitaries, step 13 of 17...
2024-11-12 07:44:48,339 - INFO - Generating random unitaries, step 14 of 17...
2024-11-12 07:44:48,340 - INFO - Generating random unitaries, step 15 of 17...
2024-11-12 07:44:48,341 - INFO - Generating random unitaries, step 16 of 17...
2024-11-12 07:44:48,342 - INFO - Generating random unitaries, step 17 of 17...
2024-11-12 07:44:49,927 - INFO - Minimizing entropy of channels separately...
2024-11-12 07:44:49,927 - INFO - Minimization of single channel, iteration 1 of 100
2024-11-12 09:15:32,045 - INFO - Generating random unitaries, step 1 of 17...
2024-11-12 09:15:32,119 - INFO - Generating random unitaries, step 2 of 17...
2024-11-12 09:15:32,120 - INFO - Generating random unitaries, step 3 of 17...
2024-11-12 09:15:32,121 - INFO - Generating random unitaries, step 4 of 17...
2024-11-12 09:15:32,122 - INFO - Generating random unitaries, step 5 of 17...
2024-11-12 09:15:32,123 - INFO - Generating random unitaries, step 6 of 17...
2024-11-12 09:15:32,124 - INFO - Generating random unitaries, step 7 of 17...
2024-11-12 09:15:32,126 - INFO - Generating random unitaries, step 8 of 17...
2024-11-12 09:15:32,127 - INFO - Generating random unitaries, step 9 of 17...
2024-11-12 09:15:32,128 - INFO - Generating random unitaries, step 10 of 17...
2024-11-12 09:15:32,129 - INFO - Generating random unitaries, step 11 of 17...
2024-11-12 09:15:32,130 - INFO - Generating random unitaries, step 12 of 17...
2024-11-12 09:15:32,131 - INFO - Generating random unitaries, step 13 of 17...
2024-11-12 09:15:32,132 - INFO - Generating random unitaries, step 14 of 17...
2024-11-12 09:15:32,133 - INFO - Generating random unitaries, step 15 of 17...
2024-11-12 09:15:32,134 - INFO - Generating random unitaries, step 16 of 17...
2024-11-12 09:15:32,135 - INFO - Generating random unitaries, step 17 of 17...
2024-11-12 09:15:33,588 - INFO - Minimizing entropy of channels separately...
2024-11-12 09:15:33,588 - INFO - Minimization of single channel, iteration 1 of 100
2024-11-12 09:15:57,041 - INFO - Generating random unitaries, step 1 of 17...
2024-11-12 09:15:57,113 - INFO - Generating random unitaries, step 2 of 17...
2024-11-12 09:15:57,114 - INFO - Generating random unitaries, step 3 of 17...
2024-11-12 09:15:57,115 - INFO - Generating random unitaries, step 4 of 17...
2024-11-12 09:15:57,117 - INFO - Generating random unitaries, step 5 of 17...
2024-11-12 09:15:57,118 - INFO - Generating random unitaries, step 6 of 17...
2024-11-12 09:15:57,119 - INFO - Generating random unitaries, step 7 of 17...
2024-11-12 09:15:57,120 - INFO - Generating random unitaries, step 8 of 17...
2024-11-12 09:15:57,122 - INFO - Generating random unitaries, step 9 of 17...
2024-11-12 09:15:57,123 - INFO - Generating random unitaries, step 10 of 17...
2024-11-12 09:15:57,124 - INFO - Generating random unitaries, step 11 of 17...
2024-11-12 09:15:57,125 - INFO - Generating random unitaries, step 12 of 17...
2024-11-12 09:15:57,126 - INFO - Generating random unitaries, step 13 of 17...
2024-11-12 09:15:57,127 - INFO - Generating random unitaries, step 14 of 17...
2024-11-12 09:15:57,128 - INFO - Generating random unitaries, step 15 of 17...
2024-11-12 09:15:57,129 - INFO - Generating random unitaries, step 16 of 17...
2024-11-12 09:15:57,131 - INFO - Generating random unitaries, step 17 of 17...
2024-11-12 09:15:58,611 - INFO - Minimizing entropy of channels separately...
2024-11-12 09:15:58,612 - INFO - Minimization of single channel, iteration 1 of 100
2024-11-12 09:17:48,826 - INFO - Generating random unitaries, step 1 of 17...
2024-11-12 09:17:48,893 - INFO - Generating random unitaries, step 2 of 17...
2024-11-12 09:17:48,894 - INFO - Generating random unitaries, step 3 of 17...
2024-11-12 09:17:48,895 - INFO - Generating random unitaries, step 4 of 17...
2024-11-12 09:17:48,896 - INFO - Generating random unitaries, step 5 of 17...
2024-11-12 09:17:48,897 - INFO - Generating random unitaries, step 6 of 17...
2024-11-12 09:17:48,898 - INFO - Generating random unitaries, step 7 of 17...
2024-11-12 09:17:48,900 - INFO - Generating random unitaries, step 8 of 17...
2024-11-12 09:17:48,901 - INFO - Generating random unitaries, step 9 of 17...
2024-11-12 09:17:48,902 - INFO - Generating random unitaries, step 10 of 17...
2024-11-12 09:17:48,903 - INFO - Generating random unitaries, step 11 of 17...
2024-11-12 09:17:48,904 - INFO - Generating random unitaries, step 12 of 17...
2024-11-12 09:17:48,905 - INFO - Generating random unitaries, step 13 of 17...
2024-11-12 09:17:48,906 - INFO - Generating random unitaries, step 14 of 17...
2024-11-12 09:17:48,907 - INFO - Generating random unitaries, step 15 of 17...
2024-11-12 09:17:48,908 - INFO - Generating random unitaries, step 16 of 17...
2024-11-12 09:17:48,909 - INFO - Generating random unitaries, step 17 of 17...
2024-11-12 09:17:50,403 - INFO - Minimizing entropy of channels separately...
2024-11-12 09:17:50,404 - INFO - Minimization of single channel, iteration 1 of 100
2024-11-12 09:18:20,511 - INFO - Generating random unitaries, step 1 of 17...
2024-11-12 09:18:20,581 - INFO - Generating random unitaries, step 2 of 17...
2024-11-12 09:18:20,583 - INFO - Generating random unitaries, step 3 of 17...
2024-11-12 09:18:20,584 - INFO - Generating random unitaries, step 4 of 17...
2024-11-12 09:18:20,586 - INFO - Generating random unitaries, step 5 of 17...
2024-11-12 09:18:20,587 - INFO - Generating random unitaries, step 6 of 17...
2024-11-12 09:18:20,588 - INFO - Generating random unitaries, step 7 of 17...
2024-11-12 09:18:20,589 - INFO - Generating random unitaries, step 8 of 17...
2024-11-12 09:18:20,590 - INFO - Generating random unitaries, step 9 of 17...
2024-11-12 09:18:20,592 - INFO - Generating random unitaries, step 10 of 17...
2024-11-12 09:18:20,593 - INFO - Generating random unitaries, step 11 of 17...
2024-11-12 09:18:20,594 - INFO - Generating random unitaries, step 12 of 17...
2024-11-12 09:18:20,595 - INFO - Generating random unitaries, step 13 of 17...
2024-11-12 09:18:20,596 - INFO - Generating random unitaries, step 14 of 17...
2024-11-12 09:18:20,597 - INFO - Generating random unitaries, step 15 of 17...
2024-11-12 09:18:20,598 - INFO - Generating random unitaries, step 16 of 17...
2024-11-12 09:18:20,599 - INFO - Generating random unitaries, step 17 of 17...
2024-11-12 09:18:22,118 - INFO - Minimizing entropy of channels separately...
2024-11-12 09:18:22,118 - INFO - Minimization of single channel, iteration 1 of 100
2024-11-12 09:18:45,728 - INFO - Generating random unitaries, step 1 of 17...
2024-11-12 09:18:45,806 - INFO - Generating random unitaries, step 2 of 17...
2024-11-12 09:18:45,807 - INFO - Generating random unitaries, step 3 of 17...
2024-11-12 09:18:45,809 - INFO - Generating random unitaries, step 4 of 17...
2024-11-12 09:18:45,810 - INFO - Generating random unitaries, step 5 of 17...
2024-11-12 09:18:45,811 - INFO - Generating random unitaries, step 6 of 17...
2024-11-12 09:18:45,812 - INFO - Generating random unitaries, step 7 of 17...
2024-11-12 09:18:45,813 - INFO - Generating random unitaries, step 8 of 17...
2024-11-12 09:18:45,814 - INFO - Generating random unitaries, step 9 of 17...
2024-11-12 09:18:45,815 - INFO - Generating random unitaries, step 10 of 17...
2024-11-12 09:18:45,816 - INFO - Generating random unitaries, step 11 of 17...
2024-11-12 09:18:45,817 - INFO - Generating random unitaries, step 12 of 17...
2024-11-12 09:18:45,818 - INFO - Generating random unitaries, step 13 of 17...
2024-11-12 09:18:45,819 - INFO - Generating random unitaries, step 14 of 17...
2024-11-12 09:18:45,821 - INFO - Generating random unitaries, step 15 of 17...
2024-11-12 09:18:45,822 - INFO - Generating random unitaries, step 16 of 17...
2024-11-12 09:18:45,823 - INFO - Generating random unitaries, step 17 of 17...
2024-11-12 09:18:46,603 - INFO - Minimizing entropy of channels separately...
2024-11-12 09:18:46,603 - INFO - Minimization of single channel, iteration 1 of 100
2024-11-12 09:19:40,163 - INFO - Generating random unitaries, step 1 of 17...
2024-11-12 09:19:40,231 - INFO - Generating random unitaries, step 2 of 17...
2024-11-12 09:19:40,232 - INFO - Generating random unitaries, step 3 of 17...
2024-11-12 09:19:40,233 - INFO - Generating random unitaries, step 4 of 17...
2024-11-12 09:19:40,235 - INFO - Generating random unitaries, step 5 of 17...
2024-11-12 09:19:40,236 - INFO - Generating random unitaries, step 6 of 17...
2024-11-12 09:19:40,237 - INFO - Generating random unitaries, step 7 of 17...
2024-11-12 09:19:40,238 - INFO - Generating random unitaries, step 8 of 17...
2024-11-12 09:19:40,239 - INFO - Generating random unitaries, step 9 of 17...
2024-11-12 09:19:40,240 - INFO - Generating random unitaries, step 10 of 17...
2024-11-12 09:19:40,241 - INFO - Generating random unitaries, step 11 of 17...
2024-11-12 09:19:40,243 - INFO - Generating random unitaries, step 12 of 17...
2024-11-12 09:19:40,244 - INFO - Generating random unitaries, step 13 of 17...
2024-11-12 09:19:40,245 - INFO - Generating random unitaries, step 14 of 17...
2024-11-12 09:19:40,246 - INFO - Generating random unitaries, step 15 of 17...
2024-11-12 09:19:40,247 - INFO - Generating random unitaries, step 16 of 17...
2024-11-12 09:19:40,248 - INFO - Generating random unitaries, step 17 of 17...
2024-11-12 09:19:41,463 - INFO - Minimizing entropy of channels separately...
2024-11-12 09:19:41,463 - INFO - Minimization of single channel, iteration 1 of 100
2024-11-12 09:20:45,660 - INFO - Generating random unitaries, step 1 of 17...
2024-11-12 09:20:45,736 - INFO - Generating random unitaries, step 2 of 17...
2024-11-12 09:20:45,738 - INFO - Generating random unitaries, step 3 of 17...
2024-11-12 09:20:45,739 - INFO - Generating random unitaries, step 4 of 17...
2024-11-12 09:20:45,740 - INFO - Generating random unitaries, step 5 of 17...
2024-11-12 09:20:45,741 - INFO - Generating random unitaries, step 6 of 17...
2024-11-12 09:20:45,742 - INFO - Generating random unitaries, step 7 of 17...
2024-11-12 09:20:45,743 - INFO - Generating random unitaries, step 8 of 17...
2024-11-12 09:20:45,744 - INFO - Generating random unitaries, step 9 of 17...
2024-11-12 09:20:45,745 - INFO - Generating random unitaries, step 10 of 17...
2024-11-12 09:20:45,747 - INFO - Generating random unitaries, step 11 of 17...
2024-11-12 09:20:45,748 - INFO - Generating random unitaries, step 12 of 17...
2024-11-12 09:20:45,749 - INFO - Generating random unitaries, step 13 of 17...
2024-11-12 09:20:45,750 - INFO - Generating random unitaries, step 14 of 17...
2024-11-12 09:20:45,751 - INFO - Generating random unitaries, step 15 of 17...
2024-11-12 09:20:45,752 - INFO - Generating random unitaries, step 16 of 17...
2024-11-12 09:20:45,753 - INFO - Generating random unitaries, step 17 of 17...
2024-11-12 09:20:46,501 - INFO - Minimizing entropy of channels separately...
2024-11-12 09:20:46,501 - INFO - Minimization of single channel, iteration 1 of 100
2024-11-12 09:24:23,306 - INFO - Generating random unitaries, step 1 of 17...
2024-11-12 09:24:23,372 - INFO - Generating random unitaries, step 2 of 17...
2024-11-12 09:24:23,373 - INFO - Generating random unitaries, step 3 of 17...
2024-11-12 09:24:23,375 - INFO - Generating random unitaries, step 4 of 17...
2024-11-12 09:24:23,376 - INFO - Generating random unitaries, step 5 of 17...
2024-11-12 09:24:23,377 - INFO - Generating random unitaries, step 6 of 17...
2024-11-12 09:24:23,378 - INFO - Generating random unitaries, step 7 of 17...
2024-11-12 09:24:23,379 - INFO - Generating random unitaries, step 8 of 17...
2024-11-12 09:24:23,380 - INFO - Generating random unitaries, step 9 of 17...
2024-11-12 09:24:23,381 - INFO - Generating random unitaries, step 10 of 17...
2024-11-12 09:24:23,382 - INFO - Generating random unitaries, step 11 of 17...
2024-11-12 09:24:23,383 - INFO - Generating random unitaries, step 12 of 17...
2024-11-12 09:24:23,384 - INFO - Generating random unitaries, step 13 of 17...
2024-11-12 09:24:23,386 - INFO - Generating random unitaries, step 14 of 17...
2024-11-12 09:24:23,387 - INFO - Generating random unitaries, step 15 of 17...
2024-11-12 09:24:23,388 - INFO - Generating random unitaries, step 16 of 17...
2024-11-12 09:24:23,389 - INFO - Generating random unitaries, step 17 of 17...
2024-11-12 09:24:24,207 - INFO - Minimizing entropy of channels separately...
2024-11-12 09:24:24,207 - INFO - Minimization of single channel, iteration 1 of 100
2024-11-12 09:30:21,472 - INFO - Generating random unitaries, step 1 of 17...
2024-11-12 09:30:21,539 - INFO - Generating random unitaries, step 2 of 17...
2024-11-12 09:30:21,541 - INFO - Generating random unitaries, step 3 of 17...
2024-11-12 09:30:21,542 - INFO - Generating random unitaries, step 4 of 17...
2024-11-12 09:30:21,543 - INFO - Generating random unitaries, step 5 of 17...
2024-11-12 09:30:21,544 - INFO - Generating random unitaries, step 6 of 17...
2024-11-12 09:30:21,546 - INFO - Generating random unitaries, step 7 of 17...
2024-11-12 09:30:21,547 - INFO - Generating random unitaries, step 8 of 17...
2024-11-12 09:30:21,548 - INFO - Generating random unitaries, step 9 of 17...
2024-11-12 09:30:21,549 - INFO - Generating random unitaries, step 10 of 17...
2024-11-12 09:30:21,550 - INFO - Generating random unitaries, step 11 of 17...
2024-11-12 09:30:21,551 - INFO - Generating random unitaries, step 12 of 17...
2024-11-12 09:30:21,553 - INFO - Generating random unitaries, step 13 of 17...
2024-11-12 09:30:21,554 - INFO - Generating random unitaries, step 14 of 17...
2024-11-12 09:30:21,555 - INFO - Generating random unitaries, step 15 of 17...
2024-11-12 09:30:21,556 - INFO - Generating random unitaries, step 16 of 17...
2024-11-12 09:30:21,557 - INFO - Generating random unitaries, step 17 of 17...
2024-11-12 09:30:22,345 - INFO - Minimizing entropy of channels separately...
2024-11-12 09:30:22,345 - INFO - Minimization of single channel, iteration 1 of 100
2024-11-12 09:30:22,814 - WARNING - 5 out of the last 5 calls to <function EntropyMinimizerTF.iterate_algorithm.<locals>.wrapper at 0x30c7a32e0> triggered tf.function retracing. Tracing is expensive and the excessive number of tracings could be due to (1) creating @tf.function repeatedly in a loop, (2) passing tensors with different shapes, (3) passing Python objects instead of tensors. For (1), please define your @tf.function outside of the loop. For (2), @tf.function has reduce_retracing=True option that can avoid unnecessary retracing. For (3), please refer to https://www.tensorflow.org/guide/function#controlling_retracing and https://www.tensorflow.org/api_docs/python/tf/function for  more details.
2024-11-12 09:30:22,845 - WARNING - 6 out of the last 6 calls to <function EntropyMinimizerTF.iterate_algorithm.<locals>.wrapper at 0x13ff61940> triggered tf.function retracing. Tracing is expensive and the excessive number of tracings could be due to (1) creating @tf.function repeatedly in a loop, (2) passing tensors with different shapes, (3) passing Python objects instead of tensors. For (1), please define your @tf.function outside of the loop. For (2), @tf.function has reduce_retracing=True option that can avoid unnecessary retracing. For (3), please refer to https://www.tensorflow.org/guide/function#controlling_retracing and https://www.tensorflow.org/api_docs/python/tf/function for  more details.
2024-11-12 09:30:23,459 - INFO - Minimization of single channel, iteration 2 of 100
2024-11-12 09:30:24,875 - INFO - Minimization of single channel, iteration 3 of 100
2024-11-12 09:30:25,533 - INFO - Minimization of single channel, iteration 4 of 100
2024-11-12 09:30:31,885 - INFO - Minimization of single channel, iteration 5 of 100
2024-11-12 09:30:31,895 - WARNING - 5 out of the last 5 calls to <function EntropyMinimizerTF.initialize_random_vector.<locals>.wrapper at 0x3b3d67880> triggered tf.function retracing. Tracing is expensive and the excessive number of tracings could be due to (1) creating @tf.function repeatedly in a loop, (2) passing tensors with different shapes, (3) passing Python objects instead of tensors. For (1), please define your @tf.function outside of the loop. For (2), @tf.function has reduce_retracing=True option that can avoid unnecessary retracing. For (3), please refer to https://www.tensorflow.org/guide/function#controlling_retracing and https://www.tensorflow.org/api_docs/python/tf/function for  more details.
2024-11-12 09:30:32,412 - INFO - Minimization of single channel, iteration 6 of 100
2024-11-12 09:30:32,422 - WARNING - 6 out of the last 6 calls to <function EntropyMinimizerTF.initialize_random_vector.<locals>.wrapper at 0x3b3d64540> triggered tf.function retracing. Tracing is expensive and the excessive number of tracings could be due to (1) creating @tf.function repeatedly in a loop, (2) passing tensors with different shapes, (3) passing Python objects instead of tensors. For (1), please define your @tf.function outside of the loop. For (2), @tf.function has reduce_retracing=True option that can avoid unnecessary retracing. For (3), please refer to https://www.tensorflow.org/guide/function#controlling_retracing and https://www.tensorflow.org/api_docs/python/tf/function for  more details.
2024-11-12 09:30:34,704 - INFO - Minimization of single channel, iteration 7 of 100
2024-11-12 09:30:35,268 - INFO - Minimization of single channel, iteration 8 of 100
2024-11-12 09:30:35,864 - INFO - Minimization of single channel, iteration 9 of 100
2024-11-12 09:30:37,328 - INFO - Minimization of single channel, iteration 10 of 100
2024-11-12 09:30:39,389 - INFO - Now running the combined channel...
2024-11-12 09:32:09,011 - INFO - Generating random unitaries, step 1 of 17...
2024-11-12 09:32:09,083 - INFO - Generating random unitaries, step 2 of 17...
2024-11-12 09:32:09,084 - INFO - Generating random unitaries, step 3 of 17...
2024-11-12 09:32:09,085 - INFO - Generating random unitaries, step 4 of 17...
2024-11-12 09:32:09,086 - INFO - Generating random unitaries, step 5 of 17...
2024-11-12 09:32:09,087 - INFO - Generating random unitaries, step 6 of 17...
2024-11-12 09:32:09,089 - INFO - Generating random unitaries, step 7 of 17...
2024-11-12 09:32:09,090 - INFO - Generating random unitaries, step 8 of 17...
2024-11-12 09:32:09,091 - INFO - Generating random unitaries, step 9 of 17...
2024-11-12 09:32:09,092 - INFO - Generating random unitaries, step 10 of 17...
2024-11-12 09:32:09,093 - INFO - Generating random unitaries, step 11 of 17...
2024-11-12 09:32:09,094 - INFO - Generating random unitaries, step 12 of 17...
2024-11-12 09:32:09,097 - INFO - Generating random unitaries, step 13 of 17...
2024-11-12 09:32:09,099 - INFO - Generating random unitaries, step 14 of 17...
2024-11-12 09:32:09,100 - INFO - Generating random unitaries, step 15 of 17...
2024-11-12 09:32:09,101 - INFO - Generating random unitaries, step 16 of 17...
2024-11-12 09:32:09,102 - INFO - Generating random unitaries, step 17 of 17...
2024-11-12 09:32:09,927 - INFO - Minimizing entropy of channels separately...
2024-11-12 09:32:09,927 - INFO - Minimization of single channel, iteration 1 of 100
2024-11-12 09:32:10,255 - WARNING - 5 out of the last 5 calls to <function EntropyMinimizerTF.iterate_algorithm.<locals>.wrapper at 0x30a39f380> triggered tf.function retracing. Tracing is expensive and the excessive number of tracings could be due to (1) creating @tf.function repeatedly in a loop, (2) passing tensors with different shapes, (3) passing Python objects instead of tensors. For (1), please define your @tf.function outside of the loop. For (2), @tf.function has reduce_retracing=True option that can avoid unnecessary retracing. For (3), please refer to https://www.tensorflow.org/guide/function#controlling_retracing and https://www.tensorflow.org/api_docs/python/tf/function for  more details.
2024-11-12 09:32:10,285 - WARNING - 6 out of the last 6 calls to <function EntropyMinimizerTF.iterate_algorithm.<locals>.wrapper at 0x14e471940> triggered tf.function retracing. Tracing is expensive and the excessive number of tracings could be due to (1) creating @tf.function repeatedly in a loop, (2) passing tensors with different shapes, (3) passing Python objects instead of tensors. For (1), please define your @tf.function outside of the loop. For (2), @tf.function has reduce_retracing=True option that can avoid unnecessary retracing. For (3), please refer to https://www.tensorflow.org/guide/function#controlling_retracing and https://www.tensorflow.org/api_docs/python/tf/function for  more details.
2024-11-12 09:32:12,779 - INFO - Minimization of single channel, iteration 2 of 100
2024-11-12 09:32:17,829 - INFO - Minimization of single channel, iteration 3 of 100
2024-11-12 09:32:18,389 - INFO - Minimization of single channel, iteration 4 of 100
2024-11-12 09:32:19,268 - INFO - Minimization of single channel, iteration 5 of 100
2024-11-12 09:32:19,279 - WARNING - 5 out of the last 5 calls to <function EntropyMinimizerTF.initialize_random_vector.<locals>.wrapper at 0x3b1d099e0> triggered tf.function retracing. Tracing is expensive and the excessive number of tracings could be due to (1) creating @tf.function repeatedly in a loop, (2) passing tensors with different shapes, (3) passing Python objects instead of tensors. For (1), please define your @tf.function outside of the loop. For (2), @tf.function has reduce_retracing=True option that can avoid unnecessary retracing. For (3), please refer to https://www.tensorflow.org/guide/function#controlling_retracing and https://www.tensorflow.org/api_docs/python/tf/function for  more details.
2024-11-12 09:32:20,104 - INFO - Minimization of single channel, iteration 6 of 100
2024-11-12 09:32:20,116 - WARNING - 6 out of the last 6 calls to <function EntropyMinimizerTF.initialize_random_vector.<locals>.wrapper at 0x3b1d098a0> triggered tf.function retracing. Tracing is expensive and the excessive number of tracings could be due to (1) creating @tf.function repeatedly in a loop, (2) passing tensors with different shapes, (3) passing Python objects instead of tensors. For (1), please define your @tf.function outside of the loop. For (2), @tf.function has reduce_retracing=True option that can avoid unnecessary retracing. For (3), please refer to https://www.tensorflow.org/guide/function#controlling_retracing and https://www.tensorflow.org/api_docs/python/tf/function for  more details.
2024-11-12 09:33:11,556 - INFO - Minimization of single channel, iteration 7 of 100
2024-11-12 09:33:12,123 - INFO - Minimization of single channel, iteration 8 of 100
2024-11-12 09:33:12,703 - INFO - Minimization of single channel, iteration 9 of 100
2024-11-12 09:33:14,248 - INFO - Minimization of single channel, iteration 10 of 100
2024-11-12 09:33:14,868 - INFO - Now running the combined channel...
2024-11-12 10:04:34,971 - INFO - Generating random unitaries, step 1 of 17...
2024-11-12 10:04:34,988 - INFO - Generating random unitaries, step 2 of 17...
2024-11-12 10:04:34,988 - INFO - Generating random unitaries, step 3 of 17...
2024-11-12 10:04:34,988 - INFO - Generating random unitaries, step 4 of 17...
2024-11-12 10:04:34,989 - INFO - Generating random unitaries, step 5 of 17...
2024-11-12 10:04:34,989 - INFO - Generating random unitaries, step 6 of 17...
2024-11-12 10:04:34,989 - INFO - Generating random unitaries, step 7 of 17...
2024-11-12 10:04:34,989 - INFO - Generating random unitaries, step 8 of 17...
2024-11-12 10:04:34,990 - INFO - Generating random unitaries, step 9 of 17...
2024-11-12 10:04:34,990 - INFO - Generating random unitaries, step 10 of 17...
2024-11-12 10:04:34,990 - INFO - Generating random unitaries, step 11 of 17...
2024-11-12 10:04:34,990 - INFO - Generating random unitaries, step 12 of 17...
2024-11-12 10:04:34,990 - INFO - Generating random unitaries, step 13 of 17...
2024-11-12 10:04:34,991 - INFO - Generating random unitaries, step 14 of 17...
2024-11-12 10:04:34,991 - INFO - Generating random unitaries, step 15 of 17...
2024-11-12 10:04:34,991 - INFO - Generating random unitaries, step 16 of 17...
2024-11-12 10:04:34,991 - INFO - Generating random unitaries, step 17 of 17...
2024-11-12 10:04:37,121 - INFO - Minimizing entropy of channels separately...
2024-11-12 10:04:37,121 - INFO - Minimization of single channel, iteration 1 of 100
2024-11-12 10:04:37,407 - WARNING - 5 out of the last 5 calls to <function EntropyMinimizerTF.iterate_algorithm.<locals>.wrapper at 0x30aba3380> triggered tf.function retracing. Tracing is expensive and the excessive number of tracings could be due to (1) creating @tf.function repeatedly in a loop, (2) passing tensors with different shapes, (3) passing Python objects instead of tensors. For (1), please define your @tf.function outside of the loop. For (2), @tf.function has reduce_retracing=True option that can avoid unnecessary retracing. For (3), please refer to https://www.tensorflow.org/guide/function#controlling_retracing and https://www.tensorflow.org/api_docs/python/tf/function for  more details.
2024-11-12 10:04:37,435 - WARNING - 6 out of the last 6 calls to <function EntropyMinimizerTF.iterate_algorithm.<locals>.wrapper at 0x13703d940> triggered tf.function retracing. Tracing is expensive and the excessive number of tracings could be due to (1) creating @tf.function repeatedly in a loop, (2) passing tensors with different shapes, (3) passing Python objects instead of tensors. For (1), please define your @tf.function outside of the loop. For (2), @tf.function has reduce_retracing=True option that can avoid unnecessary retracing. For (3), please refer to https://www.tensorflow.org/guide/function#controlling_retracing and https://www.tensorflow.org/api_docs/python/tf/function for  more details.
2024-11-12 10:04:37,803 - INFO - Minimization of single channel, iteration 2 of 100
2024-11-12 10:04:38,641 - INFO - Minimization of single channel, iteration 3 of 100
2024-11-12 10:04:39,402 - INFO - Minimization of single channel, iteration 4 of 100
2024-11-12 10:04:40,196 - INFO - Minimization of single channel, iteration 5 of 100
2024-11-12 10:04:40,207 - WARNING - 5 out of the last 5 calls to <function EntropyMinimizerTF.initialize_random_vector.<locals>.wrapper at 0x310486200> triggered tf.function retracing. Tracing is expensive and the excessive number of tracings could be due to (1) creating @tf.function repeatedly in a loop, (2) passing tensors with different shapes, (3) passing Python objects instead of tensors. For (1), please define your @tf.function outside of the loop. For (2), @tf.function has reduce_retracing=True option that can avoid unnecessary retracing. For (3), please refer to https://www.tensorflow.org/guide/function#controlling_retracing and https://www.tensorflow.org/api_docs/python/tf/function for  more details.
2024-11-12 10:04:40,790 - INFO - Minimization of single channel, iteration 6 of 100
2024-11-12 10:04:40,802 - WARNING - 6 out of the last 6 calls to <function EntropyMinimizerTF.initialize_random_vector.<locals>.wrapper at 0x30aba3240> triggered tf.function retracing. Tracing is expensive and the excessive number of tracings could be due to (1) creating @tf.function repeatedly in a loop, (2) passing tensors with different shapes, (3) passing Python objects instead of tensors. For (1), please define your @tf.function outside of the loop. For (2), @tf.function has reduce_retracing=True option that can avoid unnecessary retracing. For (3), please refer to https://www.tensorflow.org/guide/function#controlling_retracing and https://www.tensorflow.org/api_docs/python/tf/function for  more details.
2024-11-12 10:04:41,452 - INFO - Minimization of single channel, iteration 7 of 100
2024-11-12 10:04:42,043 - INFO - Minimization of single channel, iteration 8 of 100
2024-11-12 10:04:42,636 - INFO - Minimization of single channel, iteration 9 of 100
2024-11-12 10:04:43,392 - INFO - Minimization of single channel, iteration 10 of 100
2024-11-12 10:04:44,038 - INFO - Now running the combined channel...
2024-11-12 10:05:52,361 - INFO - Generating random unitaries, step 1 of 17...
2024-11-12 10:05:52,377 - INFO - Generating random unitaries, step 2 of 17...
2024-11-12 10:05:52,378 - INFO - Generating random unitaries, step 3 of 17...
2024-11-12 10:05:52,378 - INFO - Generating random unitaries, step 4 of 17...
2024-11-12 10:05:52,378 - INFO - Generating random unitaries, step 5 of 17...
2024-11-12 10:05:52,379 - INFO - Generating random unitaries, step 6 of 17...
2024-11-12 10:05:52,379 - INFO - Generating random unitaries, step 7 of 17...
2024-11-12 10:05:52,379 - INFO - Generating random unitaries, step 8 of 17...
2024-11-12 10:05:52,379 - INFO - Generating random unitaries, step 9 of 17...
2024-11-12 10:05:52,380 - INFO - Generating random unitaries, step 10 of 17...
2024-11-12 10:05:52,380 - INFO - Generating random unitaries, step 11 of 17...
2024-11-12 10:05:52,380 - INFO - Generating random unitaries, step 12 of 17...
2024-11-12 10:05:52,380 - INFO - Generating random unitaries, step 13 of 17...
2024-11-12 10:05:52,381 - INFO - Generating random unitaries, step 14 of 17...
2024-11-12 10:05:52,381 - INFO - Generating random unitaries, step 15 of 17...
2024-11-12 10:05:52,381 - INFO - Generating random unitaries, step 16 of 17...
2024-11-12 10:05:52,381 - INFO - Generating random unitaries, step 17 of 17...
2024-11-12 10:05:55,052 - INFO - Minimizing entropy of channels separately...
2024-11-12 10:05:55,052 - INFO - Minimization of single channel, iteration 1 of 100
2024-11-12 10:05:55,335 - WARNING - 5 out of the last 5 calls to <function EntropyMinimizerTF.iterate_algorithm.<locals>.wrapper at 0x30bea3380> triggered tf.function retracing. Tracing is expensive and the excessive number of tracings could be due to (1) creating @tf.function repeatedly in a loop, (2) passing tensors with different shapes, (3) passing Python objects instead of tensors. For (1), please define your @tf.function outside of the loop. For (2), @tf.function has reduce_retracing=True option that can avoid unnecessary retracing. For (3), please refer to https://www.tensorflow.org/guide/function#controlling_retracing and https://www.tensorflow.org/api_docs/python/tf/function for  more details.
2024-11-12 10:05:55,362 - WARNING - 6 out of the last 6 calls to <function EntropyMinimizerTF.iterate_algorithm.<locals>.wrapper at 0x1699f1940> triggered tf.function retracing. Tracing is expensive and the excessive number of tracings could be due to (1) creating @tf.function repeatedly in a loop, (2) passing tensors with different shapes, (3) passing Python objects instead of tensors. For (1), please define your @tf.function outside of the loop. For (2), @tf.function has reduce_retracing=True option that can avoid unnecessary retracing. For (3), please refer to https://www.tensorflow.org/guide/function#controlling_retracing and https://www.tensorflow.org/api_docs/python/tf/function for  more details.
2024-11-12 10:06:16,329 - INFO - Minimization of single channel, iteration 2 of 100
2024-11-12 10:06:42,938 - INFO - Minimization of single channel, iteration 3 of 100
2024-11-12 10:06:55,525 - INFO - Minimization of single channel, iteration 4 of 100
2024-11-12 10:08:05,315 - INFO - Minimization of single channel, iteration 5 of 100
2024-11-12 10:08:05,327 - WARNING - 5 out of the last 5 calls to <function EntropyMinimizerTF.initialize_random_vector.<locals>.wrapper at 0x311a674c0> triggered tf.function retracing. Tracing is expensive and the excessive number of tracings could be due to (1) creating @tf.function repeatedly in a loop, (2) passing tensors with different shapes, (3) passing Python objects instead of tensors. For (1), please define your @tf.function outside of the loop. For (2), @tf.function has reduce_retracing=True option that can avoid unnecessary retracing. For (3), please refer to https://www.tensorflow.org/guide/function#controlling_retracing and https://www.tensorflow.org/api_docs/python/tf/function for  more details.
2024-11-12 10:08:40,350 - INFO - Minimization of single channel, iteration 6 of 100
2024-11-12 10:08:40,362 - WARNING - 6 out of the last 6 calls to <function EntropyMinimizerTF.initialize_random_vector.<locals>.wrapper at 0x437c53ec0> triggered tf.function retracing. Tracing is expensive and the excessive number of tracings could be due to (1) creating @tf.function repeatedly in a loop, (2) passing tensors with different shapes, (3) passing Python objects instead of tensors. For (1), please define your @tf.function outside of the loop. For (2), @tf.function has reduce_retracing=True option that can avoid unnecessary retracing. For (3), please refer to https://www.tensorflow.org/guide/function#controlling_retracing and https://www.tensorflow.org/api_docs/python/tf/function for  more details.
2024-11-12 10:09:10,172 - INFO - Minimization of single channel, iteration 7 of 100
2024-11-12 10:09:21,958 - INFO - Minimization of single channel, iteration 8 of 100
2024-11-12 10:09:35,189 - INFO - Minimization of single channel, iteration 9 of 100
2024-11-12 10:09:47,707 - INFO - Minimization of single channel, iteration 10 of 100
2024-11-12 10:10:06,966 - INFO - Now running the combined channel...
2024-11-12 10:12:14,859 - INFO - Generating random unitaries, step 1 of 17...
2024-11-12 10:12:14,875 - INFO - Generating random unitaries, step 2 of 17...
2024-11-12 10:12:14,876 - INFO - Generating random unitaries, step 3 of 17...
2024-11-12 10:12:14,876 - INFO - Generating random unitaries, step 4 of 17...
2024-11-12 10:12:14,876 - INFO - Generating random unitaries, step 5 of 17...
2024-11-12 10:12:14,877 - INFO - Generating random unitaries, step 6 of 17...
2024-11-12 10:12:14,877 - INFO - Generating random unitaries, step 7 of 17...
2024-11-12 10:12:14,877 - INFO - Generating random unitaries, step 8 of 17...
2024-11-12 10:12:14,877 - INFO - Generating random unitaries, step 9 of 17...
2024-11-12 10:12:14,878 - INFO - Generating random unitaries, step 10 of 17...
2024-11-12 10:12:14,878 - INFO - Generating random unitaries, step 11 of 17...
2024-11-12 10:12:14,878 - INFO - Generating random unitaries, step 12 of 17...
2024-11-12 10:12:14,878 - INFO - Generating random unitaries, step 13 of 17...
2024-11-12 10:12:14,879 - INFO - Generating random unitaries, step 14 of 17...
2024-11-12 10:12:14,879 - INFO - Generating random unitaries, step 15 of 17...
2024-11-12 10:12:14,879 - INFO - Generating random unitaries, step 16 of 17...
2024-11-12 10:12:14,879 - INFO - Generating random unitaries, step 17 of 17...
2024-11-12 10:12:17,541 - INFO - Minimizing entropy of channels separately...
2024-11-12 10:12:17,541 - INFO - Minimization of single channel, iteration 1 of 100
2024-11-12 10:12:17,823 - WARNING - 5 out of the last 5 calls to <function EntropyMinimizerTF.iterate_algorithm.<locals>.wrapper at 0x144171940> triggered tf.function retracing. Tracing is expensive and the excessive number of tracings could be due to (1) creating @tf.function repeatedly in a loop, (2) passing tensors with different shapes, (3) passing Python objects instead of tensors. For (1), please define your @tf.function outside of the loop. For (2), @tf.function has reduce_retracing=True option that can avoid unnecessary retracing. For (3), please refer to https://www.tensorflow.org/guide/function#controlling_retracing and https://www.tensorflow.org/api_docs/python/tf/function for  more details.
2024-11-12 10:12:17,851 - WARNING - 6 out of the last 6 calls to <function EntropyMinimizerTF.iterate_algorithm.<locals>.wrapper at 0x144171940> triggered tf.function retracing. Tracing is expensive and the excessive number of tracings could be due to (1) creating @tf.function repeatedly in a loop, (2) passing tensors with different shapes, (3) passing Python objects instead of tensors. For (1), please define your @tf.function outside of the loop. For (2), @tf.function has reduce_retracing=True option that can avoid unnecessary retracing. For (3), please refer to https://www.tensorflow.org/guide/function#controlling_retracing and https://www.tensorflow.org/api_docs/python/tf/function for  more details.
2024-11-12 10:17:53,612 - INFO - Generating random unitaries, step 1 of 17...
2024-11-12 10:17:53,630 - INFO - Generating random unitaries, step 2 of 17...
2024-11-12 10:17:53,630 - INFO - Generating random unitaries, step 3 of 17...
2024-11-12 10:17:53,631 - INFO - Generating random unitaries, step 4 of 17...
2024-11-12 10:17:53,631 - INFO - Generating random unitaries, step 5 of 17...
2024-11-12 10:17:53,631 - INFO - Generating random unitaries, step 6 of 17...
2024-11-12 10:17:53,631 - INFO - Generating random unitaries, step 7 of 17...
2024-11-12 10:17:53,632 - INFO - Generating random unitaries, step 8 of 17...
2024-11-12 10:17:53,632 - INFO - Generating random unitaries, step 9 of 17...
2024-11-12 10:17:53,632 - INFO - Generating random unitaries, step 10 of 17...
2024-11-12 10:17:53,632 - INFO - Generating random unitaries, step 11 of 17...
2024-11-12 10:17:53,633 - INFO - Generating random unitaries, step 12 of 17...
2024-11-12 10:17:53,633 - INFO - Generating random unitaries, step 13 of 17...
2024-11-12 10:17:53,633 - INFO - Generating random unitaries, step 14 of 17...
2024-11-12 10:17:53,633 - INFO - Generating random unitaries, step 15 of 17...
2024-11-12 10:17:53,634 - INFO - Generating random unitaries, step 16 of 17...
2024-11-12 10:17:53,634 - INFO - Generating random unitaries, step 17 of 17...
2024-11-12 10:17:56,348 - INFO - Minimizing entropy of channels separately...
2024-11-12 10:17:56,348 - INFO - Minimization of single channel, iteration 1 of 100
2024-11-12 10:24:52,153 - INFO - Generating random unitaries, step 1 of 17...
2024-11-12 10:24:52,186 - INFO - Generating random unitaries, step 2 of 17...
2024-11-12 10:24:52,187 - INFO - Generating random unitaries, step 3 of 17...
2024-11-12 10:24:52,187 - INFO - Generating random unitaries, step 4 of 17...
2024-11-12 10:24:52,188 - INFO - Generating random unitaries, step 5 of 17...
2024-11-12 10:24:52,188 - INFO - Generating random unitaries, step 6 of 17...
2024-11-12 10:24:52,189 - INFO - Generating random unitaries, step 7 of 17...
2024-11-12 10:24:52,189 - INFO - Generating random unitaries, step 8 of 17...
2024-11-12 10:24:52,189 - INFO - Generating random unitaries, step 9 of 17...
2024-11-12 10:24:52,190 - INFO - Generating random unitaries, step 10 of 17...
2024-11-12 10:24:52,190 - INFO - Generating random unitaries, step 11 of 17...
2024-11-12 10:24:52,190 - INFO - Generating random unitaries, step 12 of 17...
2024-11-12 10:24:52,191 - INFO - Generating random unitaries, step 13 of 17...
2024-11-12 10:24:52,191 - INFO - Generating random unitaries, step 14 of 17...
2024-11-12 10:24:52,191 - INFO - Generating random unitaries, step 15 of 17...
2024-11-12 10:24:52,192 - INFO - Generating random unitaries, step 16 of 17...
2024-11-12 10:24:52,192 - INFO - Generating random unitaries, step 17 of 17...
2024-11-12 10:24:53,442 - INFO - Minimizing entropy of channels separately...
2024-11-12 10:24:53,442 - INFO - Minimization of single channel, iteration 1 of 100
2024-11-12 10:26:28,980 - INFO - Generating random unitaries, step 1 of 17...
2024-11-12 10:26:28,999 - INFO - Generating random unitaries, step 2 of 17...
2024-11-12 10:26:28,999 - INFO - Generating random unitaries, step 3 of 17...
2024-11-12 10:26:28,999 - INFO - Generating random unitaries, step 4 of 17...
2024-11-12 10:26:29,000 - INFO - Generating random unitaries, step 5 of 17...
2024-11-12 10:26:29,000 - INFO - Generating random unitaries, step 6 of 17...
2024-11-12 10:26:29,000 - INFO - Generating random unitaries, step 7 of 17...
2024-11-12 10:26:29,000 - INFO - Generating random unitaries, step 8 of 17...
2024-11-12 10:26:29,001 - INFO - Generating random unitaries, step 9 of 17...
2024-11-12 10:26:29,001 - INFO - Generating random unitaries, step 10 of 17...
2024-11-12 10:26:29,001 - INFO - Generating random unitaries, step 11 of 17...
2024-11-12 10:26:29,001 - INFO - Generating random unitaries, step 12 of 17...
2024-11-12 10:26:29,002 - INFO - Generating random unitaries, step 13 of 17...
2024-11-12 10:26:29,002 - INFO - Generating random unitaries, step 14 of 17...
2024-11-12 10:26:29,002 - INFO - Generating random unitaries, step 15 of 17...
2024-11-12 10:26:29,002 - INFO - Generating random unitaries, step 16 of 17...
2024-11-12 10:26:29,002 - INFO - Generating random unitaries, step 17 of 17...
2024-11-12 10:26:30,752 - INFO - Minimizing entropy of channels separately...
2024-11-12 10:26:30,752 - INFO - Minimization of single channel, iteration 1 of 100
2024-11-12 10:27:05,184 - INFO - Generating random unitaries, step 1 of 17...
2024-11-12 10:27:05,202 - INFO - Generating random unitaries, step 2 of 17...
2024-11-12 10:27:05,203 - INFO - Generating random unitaries, step 3 of 17...
2024-11-12 10:27:05,203 - INFO - Generating random unitaries, step 4 of 17...
2024-11-12 10:27:05,203 - INFO - Generating random unitaries, step 5 of 17...
2024-11-12 10:27:05,203 - INFO - Generating random unitaries, step 6 of 17...
2024-11-12 10:27:05,204 - INFO - Generating random unitaries, step 7 of 17...
2024-11-12 10:27:05,204 - INFO - Generating random unitaries, step 8 of 17...
2024-11-12 10:27:05,204 - INFO - Generating random unitaries, step 9 of 17...
2024-11-12 10:27:05,205 - INFO - Generating random unitaries, step 10 of 17...
2024-11-12 10:27:05,205 - INFO - Generating random unitaries, step 11 of 17...
2024-11-12 10:27:05,205 - INFO - Generating random unitaries, step 12 of 17...
2024-11-12 10:27:05,205 - INFO - Generating random unitaries, step 13 of 17...
2024-11-12 10:27:05,206 - INFO - Generating random unitaries, step 14 of 17...
2024-11-12 10:27:05,206 - INFO - Generating random unitaries, step 15 of 17...
2024-11-12 10:27:05,206 - INFO - Generating random unitaries, step 16 of 17...
2024-11-12 10:27:05,207 - INFO - Generating random unitaries, step 17 of 17...
2024-11-12 10:27:07,471 - INFO - Minimizing entropy of channels separately...
2024-11-12 10:27:07,472 - INFO - Minimization of single channel, iteration 1 of 100
2024-11-12 10:27:07,705 - WARNING - 5 out of the last 5 calls to <function EntropyMinimizerTF.iterate_algorithm.<locals>.wrapper at 0x30d49f2e0> triggered tf.function retracing. Tracing is expensive and the excessive number of tracings could be due to (1) creating @tf.function repeatedly in a loop, (2) passing tensors with different shapes, (3) passing Python objects instead of tensors. For (1), please define your @tf.function outside of the loop. For (2), @tf.function has reduce_retracing=True option that can avoid unnecessary retracing. For (3), please refer to https://www.tensorflow.org/guide/function#controlling_retracing and https://www.tensorflow.org/api_docs/python/tf/function for  more details.
2024-11-12 10:27:07,728 - WARNING - 6 out of the last 6 calls to <function EntropyMinimizerTF.iterate_algorithm.<locals>.wrapper at 0x143371940> triggered tf.function retracing. Tracing is expensive and the excessive number of tracings could be due to (1) creating @tf.function repeatedly in a loop, (2) passing tensors with different shapes, (3) passing Python objects instead of tensors. For (1), please define your @tf.function outside of the loop. For (2), @tf.function has reduce_retracing=True option that can avoid unnecessary retracing. For (3), please refer to https://www.tensorflow.org/guide/function#controlling_retracing and https://www.tensorflow.org/api_docs/python/tf/function for  more details.
2024-11-12 10:27:26,221 - INFO - Now running the combined channel...
2024-11-12 10:28:19,283 - INFO - Generating random unitaries, step 1 of 17...
2024-11-12 10:28:19,299 - INFO - Generating random unitaries, step 2 of 17...
2024-11-12 10:28:19,300 - INFO - Generating random unitaries, step 3 of 17...
2024-11-12 10:28:19,300 - INFO - Generating random unitaries, step 4 of 17...
2024-11-12 10:28:19,300 - INFO - Generating random unitaries, step 5 of 17...
2024-11-12 10:28:19,300 - INFO - Generating random unitaries, step 6 of 17...
2024-11-12 10:28:19,301 - INFO - Generating random unitaries, step 7 of 17...
2024-11-12 10:28:19,301 - INFO - Generating random unitaries, step 8 of 17...
2024-11-12 10:28:19,301 - INFO - Generating random unitaries, step 9 of 17...
2024-11-12 10:28:19,302 - INFO - Generating random unitaries, step 10 of 17...
2024-11-12 10:28:19,302 - INFO - Generating random unitaries, step 11 of 17...
2024-11-12 10:28:19,302 - INFO - Generating random unitaries, step 12 of 17...
2024-11-12 10:28:19,302 - INFO - Generating random unitaries, step 13 of 17...
2024-11-12 10:28:19,302 - INFO - Generating random unitaries, step 14 of 17...
2024-11-12 10:28:19,303 - INFO - Generating random unitaries, step 15 of 17...
2024-11-12 10:28:19,303 - INFO - Generating random unitaries, step 16 of 17...
2024-11-12 10:28:19,303 - INFO - Generating random unitaries, step 17 of 17...
2024-11-12 10:28:20,443 - INFO - Minimizing entropy of channels separately...
2024-11-12 10:28:20,444 - INFO - Now running the combined channel...
2024-11-12 10:29:16,643 - WARNING - 5 out of the last 5 calls to <function EntropyMinimizerTF.iterate_algorithm.<locals>.wrapper at 0x30bda32e0> triggered tf.function retracing. Tracing is expensive and the excessive number of tracings could be due to (1) creating @tf.function repeatedly in a loop, (2) passing tensors with different shapes, (3) passing Python objects instead of tensors. For (1), please define your @tf.function outside of the loop. For (2), @tf.function has reduce_retracing=True option that can avoid unnecessary retracing. For (3), please refer to https://www.tensorflow.org/guide/function#controlling_retracing and https://www.tensorflow.org/api_docs/python/tf/function for  more details.
2024-11-12 10:29:28,065 - WARNING - 6 out of the last 6 calls to <function EntropyMinimizerTF.iterate_algorithm.<locals>.wrapper at 0x30bda32e0> triggered tf.function retracing. Tracing is expensive and the excessive number of tracings could be due to (1) creating @tf.function repeatedly in a loop, (2) passing tensors with different shapes, (3) passing Python objects instead of tensors. For (1), please define your @tf.function outside of the loop. For (2), @tf.function has reduce_retracing=True option that can avoid unnecessary retracing. For (3), please refer to https://www.tensorflow.org/guide/function#controlling_retracing and https://www.tensorflow.org/api_docs/python/tf/function for  more details.
2024-11-12 10:30:14,872 - INFO - Generating random unitaries, step 1 of 17...
2024-11-12 10:30:14,887 - INFO - Generating random unitaries, step 2 of 17...
2024-11-12 10:30:14,888 - INFO - Generating random unitaries, step 3 of 17...
2024-11-12 10:30:14,888 - INFO - Generating random unitaries, step 4 of 17...
2024-11-12 10:30:14,888 - INFO - Generating random unitaries, step 5 of 17...
2024-11-12 10:30:14,888 - INFO - Generating random unitaries, step 6 of 17...
2024-11-12 10:30:14,889 - INFO - Generating random unitaries, step 7 of 17...
2024-11-12 10:30:14,889 - INFO - Generating random unitaries, step 8 of 17...
2024-11-12 10:30:14,889 - INFO - Generating random unitaries, step 9 of 17...
2024-11-12 10:30:14,889 - INFO - Generating random unitaries, step 10 of 17...
2024-11-12 10:30:14,890 - INFO - Generating random unitaries, step 11 of 17...
2024-11-12 10:30:14,890 - INFO - Generating random unitaries, step 12 of 17...
2024-11-12 10:30:14,890 - INFO - Generating random unitaries, step 13 of 17...
2024-11-12 10:30:14,890 - INFO - Generating random unitaries, step 14 of 17...
2024-11-12 10:30:14,891 - INFO - Generating random unitaries, step 15 of 17...
2024-11-12 10:30:14,891 - INFO - Generating random unitaries, step 16 of 17...
2024-11-12 10:30:14,891 - INFO - Generating random unitaries, step 17 of 17...
2024-11-12 10:30:17,098 - INFO - Minimizing entropy of channels separately...
2024-11-12 10:30:17,098 - INFO - Now running the combined channel...
2024-11-12 10:34:50,623 - INFO - Generating random unitaries, step 1 of 17...
2024-11-12 10:34:50,641 - INFO - Generating random unitaries, step 2 of 17...
2024-11-12 10:34:50,641 - INFO - Generating random unitaries, step 3 of 17...
2024-11-12 10:34:50,641 - INFO - Generating random unitaries, step 4 of 17...
2024-11-12 10:34:50,642 - INFO - Generating random unitaries, step 5 of 17...
2024-11-12 10:34:50,642 - INFO - Generating random unitaries, step 6 of 17...
2024-11-12 10:34:50,642 - INFO - Generating random unitaries, step 7 of 17...
2024-11-12 10:34:50,642 - INFO - Generating random unitaries, step 8 of 17...
2024-11-12 10:34:50,643 - INFO - Generating random unitaries, step 9 of 17...
2024-11-12 10:34:50,643 - INFO - Generating random unitaries, step 10 of 17...
2024-11-12 10:34:50,643 - INFO - Generating random unitaries, step 11 of 17...
2024-11-12 10:34:50,643 - INFO - Generating random unitaries, step 12 of 17...
2024-11-12 10:34:50,644 - INFO - Generating random unitaries, step 13 of 17...
2024-11-12 10:34:50,644 - INFO - Generating random unitaries, step 14 of 17...
2024-11-12 10:34:50,644 - INFO - Generating random unitaries, step 15 of 17...
2024-11-12 10:34:50,644 - INFO - Generating random unitaries, step 16 of 17...
2024-11-12 10:34:50,645 - INFO - Generating random unitaries, step 17 of 17...
2024-11-12 10:34:52,553 - INFO - Minimizing entropy of channels separately...
2024-11-12 10:34:52,553 - INFO - Now running the combined channel...
2024-11-12 10:35:10,330 - INFO - Generating random unitaries, step 1 of 17...
2024-11-12 10:35:10,345 - INFO - Generating random unitaries, step 2 of 17...
2024-11-12 10:35:10,345 - INFO - Generating random unitaries, step 3 of 17...
2024-11-12 10:35:10,346 - INFO - Generating random unitaries, step 4 of 17...
2024-11-12 10:35:10,346 - INFO - Generating random unitaries, step 5 of 17...
2024-11-12 10:35:10,346 - INFO - Generating random unitaries, step 6 of 17...
2024-11-12 10:35:10,347 - INFO - Generating random unitaries, step 7 of 17...
2024-11-12 10:35:10,347 - INFO - Generating random unitaries, step 8 of 17...
2024-11-12 10:35:10,347 - INFO - Generating random unitaries, step 9 of 17...
2024-11-12 10:35:10,347 - INFO - Generating random unitaries, step 10 of 17...
2024-11-12 10:35:10,348 - INFO - Generating random unitaries, step 11 of 17...
2024-11-12 10:35:10,348 - INFO - Generating random unitaries, step 12 of 17...
2024-11-12 10:35:10,348 - INFO - Generating random unitaries, step 13 of 17...
2024-11-12 10:35:10,348 - INFO - Generating random unitaries, step 14 of 17...
2024-11-12 10:35:10,349 - INFO - Generating random unitaries, step 15 of 17...
2024-11-12 10:35:10,349 - INFO - Generating random unitaries, step 16 of 17...
2024-11-12 10:35:10,349 - INFO - Generating random unitaries, step 17 of 17...
2024-11-12 10:35:11,948 - INFO - Minimizing entropy of channels separately...
2024-11-12 10:35:11,948 - INFO - Now running the combined channel...
2024-11-12 10:36:02,692 - WARNING - 5 out of the last 5 calls to <function EntropyMinimizerTF.current_entropy.<locals>.wrapper at 0x30c59f420> triggered tf.function retracing. Tracing is expensive and the excessive number of tracings could be due to (1) creating @tf.function repeatedly in a loop, (2) passing tensors with different shapes, (3) passing Python objects instead of tensors. For (1), please define your @tf.function outside of the loop. For (2), @tf.function has reduce_retracing=True option that can avoid unnecessary retracing. For (3), please refer to https://www.tensorflow.org/guide/function#controlling_retracing and https://www.tensorflow.org/api_docs/python/tf/function for  more details.
2024-11-12 10:36:11,195 - WARNING - 5 out of the last 5 calls to <function EntropyMinimizerTF.iterate_algorithm.<locals>.wrapper at 0x30c59f420> triggered tf.function retracing. Tracing is expensive and the excessive number of tracings could be due to (1) creating @tf.function repeatedly in a loop, (2) passing tensors with different shapes, (3) passing Python objects instead of tensors. For (1), please define your @tf.function outside of the loop. For (2), @tf.function has reduce_retracing=True option that can avoid unnecessary retracing. For (3), please refer to https://www.tensorflow.org/guide/function#controlling_retracing and https://www.tensorflow.org/api_docs/python/tf/function for  more details.
2024-11-12 10:36:37,081 - INFO - Generating random unitaries, step 1 of 17...
2024-11-12 10:36:37,103 - INFO - Generating random unitaries, step 2 of 17...
2024-11-12 10:36:37,103 - INFO - Generating random unitaries, step 3 of 17...
2024-11-12 10:36:37,104 - INFO - Generating random unitaries, step 4 of 17...
2024-11-12 10:36:37,104 - INFO - Generating random unitaries, step 5 of 17...
2024-11-12 10:36:37,105 - INFO - Generating random unitaries, step 6 of 17...
2024-11-12 10:36:37,105 - INFO - Generating random unitaries, step 7 of 17...
2024-11-12 10:36:37,105 - INFO - Generating random unitaries, step 8 of 17...
2024-11-12 10:36:37,106 - INFO - Generating random unitaries, step 9 of 17...
2024-11-12 10:36:37,106 - INFO - Generating random unitaries, step 10 of 17...
2024-11-12 10:36:37,107 - INFO - Generating random unitaries, step 11 of 17...
2024-11-12 10:36:37,107 - INFO - Generating random unitaries, step 12 of 17...
2024-11-12 10:36:37,107 - INFO - Generating random unitaries, step 13 of 17...
2024-11-12 10:36:37,108 - INFO - Generating random unitaries, step 14 of 17...
2024-11-12 10:36:37,108 - INFO - Generating random unitaries, step 15 of 17...
2024-11-12 10:36:37,108 - INFO - Generating random unitaries, step 16 of 17...
2024-11-12 10:36:37,109 - INFO - Generating random unitaries, step 17 of 17...
2024-11-12 10:36:38,730 - INFO - Minimizing entropy of channels separately...
2024-11-12 10:36:38,730 - INFO - Now running the combined channel...
2024-11-12 10:37:13,368 - INFO - Generating random unitaries, step 1 of 17...
2024-11-12 10:37:13,383 - INFO - Generating random unitaries, step 2 of 17...
2024-11-12 10:37:13,384 - INFO - Generating random unitaries, step 3 of 17...
2024-11-12 10:37:13,384 - INFO - Generating random unitaries, step 4 of 17...
2024-11-12 10:37:13,384 - INFO - Generating random unitaries, step 5 of 17...
2024-11-12 10:37:13,384 - INFO - Generating random unitaries, step 6 of 17...
2024-11-12 10:37:13,385 - INFO - Generating random unitaries, step 7 of 17...
2024-11-12 10:37:13,385 - INFO - Generating random unitaries, step 8 of 17...
2024-11-12 10:37:13,385 - INFO - Generating random unitaries, step 9 of 17...
2024-11-12 10:37:13,386 - INFO - Generating random unitaries, step 10 of 17...
2024-11-12 10:37:13,386 - INFO - Generating random unitaries, step 11 of 17...
2024-11-12 10:37:13,386 - INFO - Generating random unitaries, step 12 of 17...
2024-11-12 10:37:13,386 - INFO - Generating random unitaries, step 13 of 17...
2024-11-12 10:37:13,386 - INFO - Generating random unitaries, step 14 of 17...
2024-11-12 10:37:13,387 - INFO - Generating random unitaries, step 15 of 17...
2024-11-12 10:37:13,387 - INFO - Generating random unitaries, step 16 of 17...
2024-11-12 10:37:13,387 - INFO - Generating random unitaries, step 17 of 17...
2024-11-12 10:37:15,027 - INFO - Minimizing entropy of channels separately...
2024-11-12 10:37:15,027 - INFO - Now running the combined channel...
2024-11-12 10:38:02,858 - WARNING - 5 out of the last 5 calls to <function EntropyMinimizerTF.current_entropy.<locals>.wrapper at 0x30e09ade0> triggered tf.function retracing. Tracing is expensive and the excessive number of tracings could be due to (1) creating @tf.function repeatedly in a loop, (2) passing tensors with different shapes, (3) passing Python objects instead of tensors. For (1), please define your @tf.function outside of the loop. For (2), @tf.function has reduce_retracing=True option that can avoid unnecessary retracing. For (3), please refer to https://www.tensorflow.org/guide/function#controlling_retracing and https://www.tensorflow.org/api_docs/python/tf/function for  more details.
2024-11-12 11:07:11,155 - INFO - Generating random unitaries, step 1 of 17...
2024-11-12 11:07:11,184 - INFO - Generating random unitaries, step 2 of 17...
2024-11-12 11:07:11,185 - INFO - Generating random unitaries, step 3 of 17...
2024-11-12 11:07:11,185 - INFO - Generating random unitaries, step 4 of 17...
2024-11-12 11:07:11,185 - INFO - Generating random unitaries, step 5 of 17...
2024-11-12 11:07:11,186 - INFO - Generating random unitaries, step 6 of 17...
2024-11-12 11:07:11,186 - INFO - Generating random unitaries, step 7 of 17...
2024-11-12 11:07:11,186 - INFO - Generating random unitaries, step 8 of 17...
2024-11-12 11:07:11,187 - INFO - Generating random unitaries, step 9 of 17...
2024-11-12 11:07:11,187 - INFO - Generating random unitaries, step 10 of 17...
2024-11-12 11:07:11,188 - INFO - Generating random unitaries, step 11 of 17...
2024-11-12 11:07:11,188 - INFO - Generating random unitaries, step 12 of 17...
2024-11-12 11:07:11,188 - INFO - Generating random unitaries, step 13 of 17...
2024-11-12 11:07:11,189 - INFO - Generating random unitaries, step 14 of 17...
2024-11-12 11:07:11,189 - INFO - Generating random unitaries, step 15 of 17...
2024-11-12 11:07:11,189 - INFO - Generating random unitaries, step 16 of 17...
2024-11-12 11:07:11,189 - INFO - Generating random unitaries, step 17 of 17...
2024-11-12 11:07:13,550 - INFO - Minimizing entropy of channels separately...
2024-11-12 11:07:13,551 - INFO - Now running the combined channel...
